[shardcreators.com/index.html]
[shardcreators.com/assets/IMG_20251214_194749_797-Photoroom.png]
[backblue.gif]
[fade.gif]
[index.html]
[shardcreators.com/assets/Screenshot_2026-02-04_203651.webp]
[shardcreators.com/assets/camera-sign.png]
[shardcreators.com/blog.html]
[shardcreators.com/assets/Screenshot 2026-02-01 181509.png]
[shardcreators.com/about.html]
[shardcreators.com/privacy.html]
[shardcreators.com/terms.html]
[shardcreators.com/creator-agreement.html]
[shardcreators.com/index.html]
[shardcreators.com/styles.css]
[shardcreators.com/auth.js]
[shardcreators.com/blog.html]
[shardcreators.com/about.html]
[shardcreators.com/privacy.html]
[shardcreators.com/terms.html]
[shardcreators.com/creator-agreement.html]
