[shardcreators.com/dashboard-creator.html]
[shardcreators.com/browse-campaigns.html]
[shardcreators.com/my-campaigns.html]
[shardcreators.com/submissions.html]
[shardcreators.com/wallet.html]
[shardcreators.com/assets/IMG_20251214_194749_797-Photoroom.png]
[shardcreators.com/settings.html]
[backblue.gif]
[fade.gif]
[index.html]
[shardcreators.com/achievements.html]
[shardcreators.com/index.html]
[shardcreators.com/dashboard.js]
[shardcreators.com/auth.js]
[shardcreators.com/dashboard-creator.html]
[shardcreators.com/browse-campaigns.html]
[shardcreators.com/my-campaigns.html]
[shardcreators.com/index-2.html]
[shardcreators.com/url]
[shardcreators.com/submissions.html]
[shardcreators.com/wallet.html]
[shardcreators.com/login.html]
[shardcreators.com/settings.html]
[shardcreators.com/index.html]
[shardcreators.com/achievements.html]
[shardcreators.com/shard-theme.css]
[shardcreators.com/index-2.html]
[shardcreators.com/url.html]
[shardcreators.com/login.html]
